<?xml version="1.0" encoding="utf-8"?><testsuites name="pytest tests"><testsuite name="pytest" errors="0" failures="0" skipped="0" tests="16" time="2.355" timestamp="2026-02-25T05:05:09.901081+00:00" hostname="agent-env-87f39ccf-ed65-4957-89da-fd430482d22a"><testcase classname="backend.tests.test_beefy_api.TestHealthEndpoint" name="test_health_check" time="0.241" /><testcase classname="backend.tests.test_beefy_api.TestBeefyPricesEndpoint" name="test_prices_testnet_mock" time="0.220" /><testcase classname="backend.tests.test_beefy_api.TestBeefyPricesEndpoint" name="test_prices_mainnet" time="0.108" /><testcase classname="backend.tests.test_beefy_api.TestBeefyPricesEndpoint" name="test_prices_default_chain" time="0.104" /><testcase classname="backend.tests.test_beefy_api.TestBeefyLpsEndpoint" name="test_lps_testnet_mock" time="0.109" /><testcase classname="backend.tests.test_beefy_api.TestBeefyLpsEndpoint" name="test_lps_mainnet" time="0.107" /><testcase classname="backend.tests.test_beefy_api.TestBeefyTvlEndpoint" name="test_tvl_returns_vault_data" time="0.192" /><testcase classname="backend.tests.test_beefy_api.TestBeefyApyEndpoint" name="test_apy_returns_breakdown" time="0.173" /><testcase classname="backend.tests.test_beefy_api.TestBeefyApyEndpoint" name="test_apy_vault_specific" time="0.115" /><testcase classname="backend.tests.test_beefy_api.TestBeefyApyEndpoint" name="test_apy_nonexistent_vault" time="0.113" /><testcase classname="backend.tests.test_beefy_api.TestLegacyVaultEndpoints" name="test_get_vaults" time="0.139" /><testcase classname="backend.tests.test_beefy_api.TestLegacyVaultEndpoints" name="test_get_vault_by_id" time="0.111" /><testcase classname="backend.tests.test_beefy_api.TestLegacyVaultEndpoints" name="test_get_vault_metrics" time="0.135" /><testcase classname="backend.tests.test_beefy_api.TestAdminAuthentication" name="test_admin_login" time="0.138" /><testcase classname="backend.tests.test_beefy_api.TestAdminAuthentication" name="test_admin_login_wrong_password" time="0.109" /><testcase classname="backend.tests.test_beefy_api.TestAdminAuthentication" name="test_admin_check_authenticated" time="0.160" /></testsuite></testsuites>